[2026-03-04 16:08:47] 🔄 Pull desde GitHub
From https://github.com/mcasrom/radar-electoral
 * branch            main       -> FETCH_HEAD
Already up to date.
[main b9d793e] Actualización automática: 2026-03-04 16:08:47
 1 file changed, 157 insertions(+), 5 deletions(-)
To https://github.com/mcasrom/radar-electoral.git
   a78ea6a..b9d793e  main -> main
[2026-03-04 16:08:47] ✅ Commit y push realizados
[2026-03-04 16:14:50] 🔄 Pull desde GitHub
From https://github.com/mcasrom/radar-electoral
 * branch            main       -> FETCH_HEAD
Already up to date.
[main c273b49] Actualización automática: 2026-03-04 16:14:50
 1 file changed, 156 insertions(+), 156 deletions(-)
To https://github.com/mcasrom/radar-electoral.git
   b9d793e..c273b49  main -> main
[2026-03-04 16:14:50] ✅ Commit y push realizados
[2026-03-04 16:16:36] 🔄 Pull desde GitHub
From https://github.com/mcasrom/radar-electoral
 * branch            main       -> FETCH_HEAD
Already up to date.
[main 1e9b3ac] Actualización automática: 2026-03-04 16:16:36
 1 file changed, 156 insertions(+), 156 deletions(-)
To https://github.com/mcasrom/radar-electoral.git
   c273b49..1e9b3ac  main -> main
[2026-03-04 16:16:36] ✅ Commit y push realizados
