----- Thu Mar  5 08:28:07 CET 2026 -----
[main 4894cce] Auto pulse 2026-03-05 08:28:07
 3 files changed, 150 insertions(+), 123 deletions(-)
 create mode 100644 logs/github_20260305.log
To https://github.com/mcasrom/radar-electoral.git
   72b7b43..4894cce  main -> main
Push realizado correctamente
----- Thu Mar  5 08:32:55 CET 2026 -----
[main edfadba] Auto pulse 2026-03-05 08:32:55
 4 files changed, 368 insertions(+), 293 deletions(-)
To https://github.com/mcasrom/radar-electoral.git
   4894cce..edfadba  main -> main
Push realizado correctamente
----- Thu Mar  5 14:03:09 CET 2026 -----
[main f66012e] Auto pulse 2026-03-05 14:03:09
 4 files changed, 295 insertions(+), 242 deletions(-)
To https://github.com/mcasrom/radar-electoral.git
   edfadba..f66012e  main -> main
Push realizado correctamente
----- Thu Mar  5 14:12:15 CET 2026 -----
[main b3f6570] Auto pulse 2026-03-05 14:12:15
 3 files changed, 394 insertions(+), 410 deletions(-)
To https://github.com/mcasrom/radar-electoral.git
   f66012e..b3f6570  main -> main
Push realizado correctamente
----- Thu Mar  5 14:18:27 CET 2026 -----
[main 3591ff0] Auto pulse 2026-03-05 14:18:27
 4 files changed, 535 insertions(+), 579 deletions(-)
To https://github.com/mcasrom/radar-electoral.git
   b3f6570..3591ff0  main -> main
Push realizado correctamente
----- Thu Mar  5 14:25:19 CET 2026 -----
[main 6c822b8] Auto pulse 2026-03-05 14:25:19
 3 files changed, 409 insertions(+), 381 deletions(-)
To https://github.com/mcasrom/radar-electoral.git
   3591ff0..6c822b8  main -> main
Push realizado correctamente
----- Thu Mar  5 14:33:53 CET 2026 -----
[main 6738bb5] Auto pulse 2026-03-05 14:33:53
 4 files changed, 559 insertions(+), 519 deletions(-)
To https://github.com/mcasrom/radar-electoral.git
   6c822b8..6738bb5  main -> main
Push realizado correctamente
----- Thu Mar  5 14:41:46 CET 2026 -----
[main bb724bf] Auto pulse 2026-03-05 14:41:46
 3 files changed, 216 insertions(+), 260 deletions(-)
To https://github.com/mcasrom/radar-electoral.git
   6738bb5..bb724bf  main -> main
Push realizado correctamente
----- Thu Mar  5 14:48:14 CET 2026 -----
